c:\users\manuf\documents\repositories\metaheuristic-vrpldtt\alns\release\alnsv2.lib
c:\users\manuf\documents\repositories\metaheuristic-vrpldtt\alns\release\alnsv2.exp
c:\users\manuf\documents\repositories\metaheuristic-vrpldtt\alns\release\alnsv2.ipdb
c:\users\manuf\documents\repositories\metaheuristic-vrpldtt\alns\release\alnsv2.iobj
c:\users\manuf\documents\repositories\metaheuristic-vrpldtt\alns\alnsv2\release\vc141.pdb
c:\users\manuf\documents\repositories\metaheuristic-vrpldtt\alns\alnsv2\release\vector_tools.obj
c:\users\manuf\documents\repositories\metaheuristic-vrpldtt\alns\alnsv2\release\solution.obj
c:\users\manuf\documents\repositories\metaheuristic-vrpldtt\alns\alnsv2\release\roulette_wheel.obj
c:\users\manuf\documents\repositories\metaheuristic-vrpldtt\alns\alnsv2\release\rand_tools.obj
c:\users\manuf\documents\repositories\metaheuristic-vrpldtt\alns\alnsv2\release\preprocessing.obj
c:\users\manuf\documents\repositories\metaheuristic-vrpldtt\alns\alnsv2\release\operator.obj
c:\users\manuf\documents\repositories\metaheuristic-vrpldtt\alns\alnsv2\release\module.obj
c:\users\manuf\documents\repositories\metaheuristic-vrpldtt\alns\alnsv2\release\initialization.obj
c:\users\manuf\documents\repositories\metaheuristic-vrpldtt\alns\alnsv2\release\evaluate.obj
c:\users\manuf\documents\repositories\metaheuristic-vrpldtt\alns\alnsv2\release\alns.obj
c:\users\manuf\documents\repositories\metaheuristic-vrpldtt\alns\release\alnsv2.pyd
c:\users\manuf\documents\repositories\metaheuristic-vrpldtt\alns\release\alnsv2.pdb
c:\users\manuf\documents\repositories\metaheuristic-vrpldtt\alns\alnsv2\release\alnsv2.tlog\alnsv2.write.1u.tlog
c:\users\manuf\documents\repositories\metaheuristic-vrpldtt\alns\alnsv2\release\alnsv2.tlog\cl.command.1.tlog
c:\users\manuf\documents\repositories\metaheuristic-vrpldtt\alns\alnsv2\release\alnsv2.tlog\cl.read.1.tlog
c:\users\manuf\documents\repositories\metaheuristic-vrpldtt\alns\alnsv2\release\alnsv2.tlog\cl.write.1.tlog
c:\users\manuf\documents\repositories\metaheuristic-vrpldtt\alns\alnsv2\release\alnsv2.tlog\link.command.1.tlog
c:\users\manuf\documents\repositories\metaheuristic-vrpldtt\alns\alnsv2\release\alnsv2.tlog\link.read.1.tlog
c:\users\manuf\documents\repositories\metaheuristic-vrpldtt\alns\alnsv2\release\alnsv2.tlog\link.write.1.tlog
